<?xml version="1.0" encoding="UTF-8"?>
<!-- Generated by org.testng.reporters.JUnitReportReporter -->
<testsuite hostname="DESKTOP-B3AF6T3" failures="0" tests="5" name="testCase.TestCase2" time="74.719" errors="0" timestamp="2024-01-18T20:32:17 AEDT" skipped="0">
  <testcase classname="testCase.TestCase2" name="SubmitFeedback" time="14.714"/>
  <system-out/>
  <testcase classname="testCase.TestCase2" name="SubmitFeedback" time="15.254"/>
  <system-out/>
  <testcase classname="testCase.TestCase2" name="SubmitFeedback" time="14.766"/>
  <system-out/>
  <testcase classname="testCase.TestCase2" name="SubmitFeedback" time="14.857"/>
  <system-out/>
  <testcase classname="testCase.TestCase2" name="SubmitFeedback" time="15.128"/>
  <system-out/>
</testsuite> <!-- testCase.TestCase2 -->
