<?xml version="1.0" encoding="UTF-8"?>
<!-- Generated by org.testng.reporters.JUnitReportReporter -->
<testsuite hostname="DESKTOP-B3AF6T3" failures="0" tests="1" name="testCase.TestCase1" time="174.143" errors="0" timestamp="2024-01-18T20:32:17 AEDT" skipped="0">
  <testcase classname="testCase.TestCase1" name="validateErrors" time="174.143"/>
  <system-out/>
</testsuite> <!-- testCase.TestCase1 -->
