<?xml version="1.0" encoding="UTF-8"?>
<!-- Generated by org.testng.reporters.JUnitReportReporter -->
<testsuite hostname="DESKTOP-B3AF6T3" failures="0" tests="1" name="testCase.TestCase3" time="15.990" errors="0" timestamp="2024-01-18T20:32:17 AEDT" skipped="0">
  <testcase classname="testCase.TestCase3" name="buyItems" time="15.990"/>
  <system-out/>
</testsuite> <!-- testCase.TestCase3 -->
